Info;07.03.2018 14:52:06;Message:_____________
Info;07.03.2018 14:52:06;Message:Begin expense
Error;07.03.2018 14:52:06;Message:Error:Последовательность не содержит элементов
Info;07.03.2018 14:52:31;Message:_____________
Info;07.03.2018 14:52:31;Message:Begin expense
Error;07.03.2018 14:52:55;Message:Error:Последовательность не содержит элементов
Info;07.03.2018 15:01:55;Message:_____________
Info;07.03.2018 15:01:55;Message:Begin expense
Info;07.03.2018 15:04:10;Message:_____________
Info;07.03.2018 15:04:10;Message:Begin expense
Info;07.03.2018 15:06:28;Message:_____________
Info;07.03.2018 15:06:28;Message:Begin expense
Info;07.03.2018 15:07:14;Message:--------------------
Warning;07.03.2018 15:07:14;Message:end update orders,exp:1
Info;07.03.2018 15:08:55;Message:_____________
Info;07.03.2018 15:08:58;Message:Begin expense
Info;07.03.2018 15:09:04;Message:--------------------
Warning;07.03.2018 15:09:04;Message:end update orders,exp:2
Info;07.03.2018 15:21:22;Message:_____________
Info;07.03.2018 15:21:22;Message:Begin expense
Info;07.03.2018 15:21:27;Message:--------------------
Warning;07.03.2018 15:21:27;Message:end update orders,exp:3
