Info;25.12.2017 0:09:34;Message:_____________
Info;25.12.2017 0:09:34;Message:Begin expense
Error;25.12.2017 0:09:39;Message:Error:В столбце "contragentId" не допускаются значения равные nulls.
Info;25.12.2017 0:09:59;Message:_____________
Info;25.12.2017 0:09:59;Message:Begin expense
Error;25.12.2017 0:10:04;Message:Error:В столбце "contragentId" не допускаются значения равные nulls.
Info;25.12.2017 0:10:34;Message:_____________
Info;25.12.2017 0:10:34;Message:Begin expense
Error;25.12.2017 0:10:59;Message:Error:В столбце "contragentId" не допускаются значения равные nulls.
Info;25.12.2017 0:10:59;Message:_____________
Info;25.12.2017 0:10:59;Message:Begin expense
Info;25.12.2017 0:15:21;Message:_____________
Info;25.12.2017 0:15:21;Message:Begin expense
Info;25.12.2017 0:21:06;Message:_____________
Info;25.12.2017 0:21:06;Message:Begin expense
Info;25.12.2017 0:21:23;Message:--------------------
Warning;25.12.2017 0:21:23;Message:end update orders,exp:14065
Warning;25.12.2017 0:21:23;Message:------End Trigger------
Info;25.12.2017 0:26:09;Message:_____________
Info;25.12.2017 0:26:09;Message:Begin expense
Info;25.12.2017 0:26:54;Message:--------------------
Warning;25.12.2017 0:26:54;Message:end update orders,exp:14066
Warning;25.12.2017 0:26:54;Message:------End Trigger------
Info;25.12.2017 0:27:29;Message:_____________
Info;25.12.2017 0:27:29;Message:Begin expense
Info;25.12.2017 11:41:03;Message:_____________
Info;25.12.2017 11:41:03;Message:Begin expense
Info;25.12.2017 11:42:17;Message:--------------------
Warning;25.12.2017 11:42:17;Message:end update orders,exp:14067
Warning;25.12.2017 11:42:17;Message:------End Trigger------
Info;25.12.2017 11:45:52;Message:_____________
Info;25.12.2017 11:45:52;Message:Begin expense
Info;25.12.2017 11:55:53;Message:--------------------
Warning;25.12.2017 11:55:53;Message:end update orders,exp:14068
Warning;25.12.2017 11:55:53;Message:------End Trigger------
Info;25.12.2017 16:08:07;Message:_____________
Info;25.12.2017 16:08:07;Message:Begin expense
